build/app/intermediates/manifest_merge_blame_file/debug/manifest-merger-blame-debug-report.txt
1<?xml version="1.0" encoding="utf-8"?>
2<manifest xmlns:android="http://schemas.android.com/apk/res/android"
3    package="com.example.training"
4    android:versionCode="1"
5    android:versionName="1.0.0" >
6
7    <uses-sdk
8        android:minSdkVersion="21"
9        android:targetSdkVersion="33" />
10    <!--
11         The INTERNET permission is required for development. Specifically,
12         the Flutter tool needs it to communicate with the running application
13         to allow setting breakpoints, to provide hot reload, etc.
14    -->
15    <uses-permission android:name="android.permission.INTERNET" />
15-->src/debug/AndroidManifest.xml:6:5-66
15-->src/debug/AndroidManifest.xml:6:22-64
16
17    <queries>
17-->[com.facebook.android:facebook-common:16.0.1] AndroidManifest.xml:17:5-19:15
18        <package android:name="com.facebook.katana" />
18-->[com.facebook.android:facebook-common:16.0.1] AndroidManifest.xml:18:9-55
18-->[com.facebook.android:facebook-common:16.0.1] AndroidManifest.xml:18:18-52
19    </queries>
20
21    <uses-permission android:name="com.google.android.gms.permission.AD_ID" />
21-->[com.facebook.android:facebook-core:16.0.1] AndroidManifest.xml:16:5-79
21-->[com.facebook.android:facebook-core:16.0.1] AndroidManifest.xml:16:22-76
22
23    <permission
23-->[androidx.core:core:1.10.1] AndroidManifest.xml:22:5-24:47
24        android:name="com.example.training.DYNAMIC_RECEIVER_NOT_EXPORTED_PERMISSION"
24-->[androidx.core:core:1.10.1] AndroidManifest.xml:23:9-81
25        android:protectionLevel="signature" />
25-->[androidx.core:core:1.10.1] AndroidManifest.xml:24:9-44
26
27    <uses-permission android:name="com.example.training.DYNAMIC_RECEIVER_NOT_EXPORTED_PERMISSION" />
27-->[androidx.core:core:1.10.1] AndroidManifest.xml:26:5-97
27-->[androidx.core:core:1.10.1] AndroidManifest.xml:26:22-94
28    <uses-permission android:name="com.google.android.finsky.permission.BIND_GET_INSTALL_REFERRER_SERVICE" />
28-->[com.android.installreferrer:installreferrer:1.0] AndroidManifest.xml:9:5-110
28-->[com.android.installreferrer:installreferrer:1.0] AndroidManifest.xml:9:22-107
29
30    <application
31        android:name="android.app.Application"
32        android:appComponentFactory="androidx.core.app.CoreComponentFactory"
32-->[androidx.core:core:1.10.1] AndroidManifest.xml:28:18-86
33        android:debuggable="true"
34        android:icon="@mipmap/ic_launcher"
35        android:label="training"
36        android:supportsRtl="true" >
36-->[com.facebook.android:facebook-login:16.0.1] AndroidManifest.xml:16:18-44
37        <activity
38            android:name="com.example.training.MainActivity"
39            android:configChanges="orientation|keyboardHidden|keyboard|screenSize|smallestScreenSize|locale|layoutDirection|fontScale|screenLayout|density|uiMode"
40            android:exported="true"
41            android:hardwareAccelerated="true"
42            android:launchMode="singleTop"
43            android:theme="@style/LaunchTheme"
44            android:windowSoftInputMode="adjustResize" >
45
46            <!--
47                 Specifies an Android theme to apply to this Activity as soon as
48                 the Android process has started. This theme is visible to the user
49                 while the Flutter UI initializes. After that, this theme continues
50                 to determine the Window background behind the Flutter UI.
51            -->
52            <meta-data
53                android:name="io.flutter.embedding.android.NormalTheme"
54                android:resource="@style/NormalTheme" />
55
56            <intent-filter>
57                <action android:name="android.intent.action.MAIN" />
58
59                <category android:name="android.intent.category.LAUNCHER" />
60            </intent-filter>
61        </activity>
62        <!--
63             Don't delete the meta-data below.
64             This is used by the Flutter tool to generate GeneratedPluginRegistrant.java
65        -->
66        <meta-data
67            android:name="flutterEmbedding"
68            android:value="2" />
69
70        <uses-library
70-->[androidx.window:window:1.0.0-beta04] AndroidManifest.xml:25:9-27:40
71            android:name="androidx.window.extensions"
71-->[androidx.window:window:1.0.0-beta04] AndroidManifest.xml:26:13-54
72            android:required="false" />
72-->[androidx.window:window:1.0.0-beta04] AndroidManifest.xml:27:13-37
73        <uses-library
73-->[androidx.window:window:1.0.0-beta04] AndroidManifest.xml:28:9-30:40
74            android:name="androidx.window.sidecar"
74-->[androidx.window:window:1.0.0-beta04] AndroidManifest.xml:29:13-51
75            android:required="false" />
75-->[androidx.window:window:1.0.0-beta04] AndroidManifest.xml:30:13-37
76
77        <activity
77-->[com.google.android.gms:play-services-auth:20.6.0] AndroidManifest.xml:23:9-27:75
78            android:name="com.google.android.gms.auth.api.signin.internal.SignInHubActivity"
78-->[com.google.android.gms:play-services-auth:20.6.0] AndroidManifest.xml:24:13-93
79            android:excludeFromRecents="true"
79-->[com.google.android.gms:play-services-auth:20.6.0] AndroidManifest.xml:25:13-46
80            android:exported="false"
80-->[com.google.android.gms:play-services-auth:20.6.0] AndroidManifest.xml:26:13-37
81            android:theme="@android:style/Theme.Translucent.NoTitleBar" />
81-->[com.google.android.gms:play-services-auth:20.6.0] AndroidManifest.xml:27:13-72
82        <!--
83            Service handling Google Sign-In user revocation. For apps that do not integrate with
84            Google Sign-In, this service will never be started.
85        -->
86        <service
86-->[com.google.android.gms:play-services-auth:20.6.0] AndroidManifest.xml:33:9-37:51
87            android:name="com.google.android.gms.auth.api.signin.RevocationBoundService"
87-->[com.google.android.gms:play-services-auth:20.6.0] AndroidManifest.xml:34:13-89
88            android:exported="true"
88-->[com.google.android.gms:play-services-auth:20.6.0] AndroidManifest.xml:35:13-36
89            android:permission="com.google.android.gms.auth.api.signin.permission.REVOCATION_NOTIFICATION"
89-->[com.google.android.gms:play-services-auth:20.6.0] AndroidManifest.xml:36:13-107
90            android:visibleToInstantApps="true" />
90-->[com.google.android.gms:play-services-auth:20.6.0] AndroidManifest.xml:37:13-48
91
92        <activity
92-->[com.facebook.android:facebook-common:16.0.1] AndroidManifest.xml:22:9-25:66
93            android:name="com.facebook.FacebookActivity"
93-->[com.facebook.android:facebook-common:16.0.1] AndroidManifest.xml:23:13-57
94            android:configChanges="keyboard|keyboardHidden|screenLayout|screenSize|orientation"
94-->[com.facebook.android:facebook-common:16.0.1] AndroidManifest.xml:24:13-96
95            android:theme="@style/com_facebook_activity_theme" />
95-->[com.facebook.android:facebook-common:16.0.1] AndroidManifest.xml:25:13-63
96        <activity android:name="com.facebook.CustomTabMainActivity" />
96-->[com.facebook.android:facebook-common:16.0.1] AndroidManifest.xml:26:9-71
96-->[com.facebook.android:facebook-common:16.0.1] AndroidManifest.xml:26:19-68
97        <activity
97-->[com.facebook.android:facebook-common:16.0.1] AndroidManifest.xml:27:9-41:20
98            android:name="com.facebook.CustomTabActivity"
98-->[com.facebook.android:facebook-common:16.0.1] AndroidManifest.xml:28:13-58
99            android:exported="true" >
99-->[com.facebook.android:facebook-common:16.0.1] AndroidManifest.xml:29:13-36
100            <intent-filter>
100-->[com.facebook.android:facebook-common:16.0.1] AndroidManifest.xml:31:13-40:29
101                <action android:name="android.intent.action.VIEW" />
101-->[com.facebook.android:facebook-common:16.0.1] AndroidManifest.xml:32:17-69
101-->[com.facebook.android:facebook-common:16.0.1] AndroidManifest.xml:32:25-66
102
103                <category android:name="android.intent.category.DEFAULT" />
103-->[com.facebook.android:facebook-common:16.0.1] AndroidManifest.xml:34:17-76
103-->[com.facebook.android:facebook-common:16.0.1] AndroidManifest.xml:34:27-73
104                <category android:name="android.intent.category.BROWSABLE" />
104-->[com.facebook.android:facebook-common:16.0.1] AndroidManifest.xml:35:17-78
104-->[com.facebook.android:facebook-common:16.0.1] AndroidManifest.xml:35:27-75
105
106                <data
106-->[com.facebook.android:facebook-common:16.0.1] AndroidManifest.xml:37:17-39:50
107                    android:host="cct.com.example.training"
107-->[com.facebook.android:facebook-common:16.0.1] AndroidManifest.xml:38:21-56
108                    android:scheme="fbconnect" />
108-->[com.facebook.android:facebook-common:16.0.1] AndroidManifest.xml:39:21-47
109            </intent-filter>
110        </activity>
111        <!--
112         The initialization ContentProvider will call FacebookSdk.sdkInitialize automatically
113         with the application context. This config is merged in with the host app's manifest,
114         but there can only be one provider with the same authority activated at any given
115         point; so if the end user has two or more different apps that use Facebook SDK, only the
116         first one will be able to use the provider. To work around this problem, we use the
117         following placeholder in the authority to identify each host application as if it was
118         a completely different provider.
119        -->
120        <provider
120-->[com.facebook.android:facebook-core:16.0.1] AndroidManifest.xml:29:9-32:40
121            android:name="com.facebook.internal.FacebookInitProvider"
121-->[com.facebook.android:facebook-core:16.0.1] AndroidManifest.xml:30:13-70
122            android:authorities="com.example.training.FacebookInitProvider"
122-->[com.facebook.android:facebook-core:16.0.1] AndroidManifest.xml:31:13-72
123            android:exported="false" />
123-->[com.facebook.android:facebook-core:16.0.1] AndroidManifest.xml:32:13-37
124
125        <receiver
125-->[com.facebook.android:facebook-core:16.0.1] AndroidManifest.xml:34:9-40:20
126            android:name="com.facebook.CurrentAccessTokenExpirationBroadcastReceiver"
126-->[com.facebook.android:facebook-core:16.0.1] AndroidManifest.xml:35:13-86
127            android:exported="false" >
127-->[com.facebook.android:facebook-core:16.0.1] AndroidManifest.xml:36:13-37
128            <intent-filter>
128-->[com.facebook.android:facebook-core:16.0.1] AndroidManifest.xml:37:13-39:29
129                <action android:name="com.facebook.sdk.ACTION_CURRENT_ACCESS_TOKEN_CHANGED" />
129-->[com.facebook.android:facebook-core:16.0.1] AndroidManifest.xml:38:17-95
129-->[com.facebook.android:facebook-core:16.0.1] AndroidManifest.xml:38:25-92
130            </intent-filter>
131        </receiver>
132        <receiver
132-->[com.facebook.android:facebook-core:16.0.1] AndroidManifest.xml:41:9-47:20
133            android:name="com.facebook.AuthenticationTokenManager$CurrentAuthenticationTokenChangedBroadcastReceiver"
133-->[com.facebook.android:facebook-core:16.0.1] AndroidManifest.xml:42:13-118
134            android:exported="false" >
134-->[com.facebook.android:facebook-core:16.0.1] AndroidManifest.xml:43:13-37
135            <intent-filter>
135-->[com.facebook.android:facebook-core:16.0.1] AndroidManifest.xml:44:13-46:29
136                <action android:name="com.facebook.sdk.ACTION_CURRENT_AUTHENTICATION_TOKEN_CHANGED" />
136-->[com.facebook.android:facebook-core:16.0.1] AndroidManifest.xml:45:17-103
136-->[com.facebook.android:facebook-core:16.0.1] AndroidManifest.xml:45:25-100
137            </intent-filter>
138        </receiver>
139
140        <activity
140-->[com.google.android.gms:play-services-base:18.0.1] AndroidManifest.xml:20:9-22:45
141            android:name="com.google.android.gms.common.api.GoogleApiActivity"
141-->[com.google.android.gms:play-services-base:18.0.1] AndroidManifest.xml:20:19-85
142            android:exported="false"
142-->[com.google.android.gms:play-services-base:18.0.1] AndroidManifest.xml:22:19-43
143            android:theme="@android:style/Theme.Translucent.NoTitleBar" />
143-->[com.google.android.gms:play-services-base:18.0.1] AndroidManifest.xml:21:19-78
144
145        <meta-data
145-->[com.google.android.gms:play-services-basement:18.2.0] AndroidManifest.xml:21:9-23:69
146            android:name="com.google.android.gms.version"
146-->[com.google.android.gms:play-services-basement:18.2.0] AndroidManifest.xml:22:13-58
147            android:value="@integer/google_play_services_version" />
147-->[com.google.android.gms:play-services-basement:18.2.0] AndroidManifest.xml:23:13-66
148    </application>
149
150</manifest>